<?xml version="1.0" encoding="UTF-8"?>
<!-- Generated by org.testng.reporters.JUnitReportReporter -->
<testsuite hostname="LEON-LT-181010E" name="Test.TestSearchProduct" tests="2" failures="0" timestamp="28 Mar 2019 02:20:39 GMT" time="12.163" errors="0">
  <testcase name="Searchtest" time="12.104" classname="Test.TestSearchProduct"/>
  <testcase name="carttest" time="0.059" classname="Test.TestSearchProduct"/>
</testsuite> <!-- Test.TestSearchProduct -->
