<?xml version="1.0" encoding="UTF-8"?>
<!-- Generated by org.testng.reporters.JUnitReportReporter -->
<testsuite hostname="LEON-LT-181010E" name="Test.TestExecution" tests="5" failures="0" timestamp="1 Apr 2019 16:52:29 GMT" time="30.469" errors="0">
  <testcase name="CartTest" time="0.030" classname="Test.TestExecution"/>
  <testcase name="Logintest" time="4.627" classname="Test.TestExecution"/>
  <testcase name="Searchtest" time="12.235" classname="Test.TestExecution"/>
  <testcase name="DeleteCartTest" time="2.554" classname="Test.TestExecution"/>
  <testcase name="SearchAnotherProductTest" time="11.023" classname="Test.TestExecution"/>
</testsuite> <!-- Test.TestExecution -->
