<?xml version="1.0" encoding="UTF-8"?>
<!-- Generated by org.testng.reporters.JUnitReportReporter -->
<testsuite hostname="LEON-LT-181010E" name="Test.TestLogin" tests="3" failures="0" timestamp="28 Mar 2019 18:56:13 GMT" time="11.179" errors="0">
  <testcase name="Logintest" time="3.316" classname="Test.TestLogin"/>
  <testcase name="Searchtest" time="7.781" classname="Test.TestLogin"/>
  <testcase name="carttest" time="0.082" classname="Test.TestLogin"/>
</testsuite> <!-- Test.TestLogin -->
